<?xml version="1.0" encoding="UTF-8"?>
<!-- Generated by org.testng.reporters.JUnitReportReporter -->
<testsuite skipped="0" hostname="POA-5CD8023MY5" name="Master" tests="118" failures="0" timestamp="13 Jun 2018 22:02:47 GMT" time="218.836" errors="0">
  <testcase name="main" time="0.000" classname="Master"/>
  <testcase name="main" time="0.000" classname="Master"/>
  <testcase name="main" time="0.458" classname="Master"/>
  <testcase name="main" time="0.000" classname="Master"/>
  <testcase name="main" time="0.000" classname="Master"/>
  <testcase name="main" time="0.000" classname="Master"/>
  <testcase name="main" time="0.001" classname="Master"/>
  <testcase name="main" time="0.000" classname="Master"/>
  <testcase name="main" time="0.000" classname="Master"/>
  <testcase name="main" time="0.000" classname="Master"/>
  <testcase name="main" time="0.000" classname="Master"/>
  <testcase name="main" time="0.000" classname="Master"/>
  <testcase name="main" time="0.000" classname="Master"/>
  <testcase name="main" time="0.000" classname="Master"/>
  <testcase name="main" time="0.000" classname="Master"/>
  <testcase name="main" time="15.214" classname="Master"/>
  <testcase name="main" time="0.000" classname="Master"/>
  <testcase name="main" time="0.000" classname="Master"/>
  <testcase name="main" time="0.001" classname="Master"/>
  <testcase name="main" time="0.001" classname="Master"/>
  <testcase name="main" time="0.001" classname="Master"/>
  <testcase name="main" time="0.000" classname="Master"/>
  <testcase name="main" time="0.000" classname="Master"/>
  <testcase name="main" time="0.000" classname="Master"/>
  <testcase name="main" time="0.000" classname="Master"/>
  <testcase name="main" time="0.000" classname="Master"/>
  <testcase name="main" time="0.000" classname="Master"/>
  <testcase name="main" time="0.000" classname="Master"/>
  <testcase name="main" time="15.446" classname="Master"/>
  <testcase name="main" time="0.000" classname="Master"/>
  <testcase name="main" time="0.000" classname="Master"/>
  <testcase name="main" time="0.000" classname="Master"/>
  <testcase name="main" time="0.000" classname="Master"/>
  <testcase name="main" time="0.000" classname="Master"/>
  <testcase name="main" time="0.000" classname="Master"/>
  <testcase name="main" time="0.000" classname="Master"/>
  <testcase name="main" time="0.000" classname="Master"/>
  <testcase name="main" time="0.000" classname="Master"/>
  <testcase name="main" time="0.000" classname="Master"/>
  <testcase name="main" time="0.000" classname="Master"/>
  <testcase name="main" time="0.203" classname="Master"/>
  <testcase name="main" time="0.000" classname="Master"/>
  <testcase name="main" time="0.000" classname="Master"/>
  <testcase name="main" time="0.000" classname="Master"/>
  <testcase name="main" time="0.000" classname="Master"/>
  <testcase name="main" time="0.001" classname="Master"/>
  <testcase name="main" time="0.000" classname="Master"/>
  <testcase name="main" time="0.000" classname="Master"/>
  <testcase name="main" time="0.000" classname="Master"/>
  <testcase name="main" time="0.000" classname="Master"/>
  <testcase name="main" time="0.000" classname="Master"/>
  <testcase name="main" time="0.000" classname="Master"/>
  <testcase name="main" time="43.288" classname="Master"/>
  <testcase name="main" time="0.000" classname="Master"/>
  <testcase name="main" time="62.743" classname="Master"/>
  <testcase name="main" time="0.000" classname="Master"/>
  <testcase name="main" time="0.001" classname="Master"/>
  <testcase name="main" time="0.050" classname="Master"/>
  <testcase name="main" time="0.000" classname="Master"/>
  <testcase name="main" time="0.000" classname="Master"/>
  <testcase name="main" time="0.000" classname="Master"/>
  <testcase name="main" time="0.000" classname="Master"/>
  <testcase name="main" time="0.000" classname="Master"/>
  <testcase name="main" time="0.000" classname="Master"/>
  <testcase name="main" time="0.000" classname="Master"/>
  <testcase name="main" time="0.000" classname="Master"/>
  <testcase name="main" time="0.000" classname="Master"/>
  <testcase name="main" time="0.000" classname="Master"/>
  <testcase name="main" time="0.000" classname="Master"/>
  <testcase name="main" time="15.221" classname="Master"/>
  <testcase name="main" time="0.000" classname="Master"/>
  <testcase name="main" time="0.000" classname="Master"/>
  <testcase name="main" time="0.000" classname="Master"/>
  <testcase name="main" time="0.000" classname="Master"/>
  <testcase name="main" time="0.000" classname="Master"/>
  <testcase name="main" time="0.001" classname="Master"/>
  <testcase name="main" time="0.000" classname="Master"/>
  <testcase name="main" time="0.001" classname="Master"/>
  <testcase name="main" time="0.000" classname="Master"/>
  <testcase name="main" time="0.000" classname="Master"/>
  <testcase name="main" time="0.001" classname="Master"/>
  <testcase name="main" time="0.000" classname="Master"/>
  <testcase name="main" time="0.000" classname="Master"/>
  <testcase name="main" time="0.000" classname="Master"/>
  <testcase name="main" time="0.000" classname="Master"/>
  <testcase name="main" time="0.000" classname="Master"/>
  <testcase name="main" time="0.000" classname="Master"/>
  <testcase name="main" time="0.000" classname="Master"/>
  <testcase name="main" time="0.001" classname="Master"/>
  <testcase name="main" time="0.000" classname="Master"/>
  <testcase name="main" time="0.000" classname="Master"/>
  <testcase name="main" time="0.000" classname="Master"/>
  <testcase name="main" time="0.000" classname="Master"/>
  <testcase name="main" time="0.000" classname="Master"/>
  <testcase name="main" time="0.000" classname="Master"/>
  <testcase name="main" time="0.000" classname="Master"/>
  <testcase name="main" time="0.000" classname="Master"/>
  <testcase name="main" time="0.000" classname="Master"/>
  <testcase name="main" time="0.000" classname="Master"/>
  <testcase name="main" time="0.000" classname="Master"/>
  <testcase name="main" time="0.000" classname="Master"/>
  <testcase name="main" time="0.000" classname="Master"/>
  <testcase name="main" time="0.000" classname="Master"/>
  <testcase name="main" time="0.000" classname="Master"/>
  <testcase name="main" time="0.000" classname="Master"/>
  <testcase name="main" time="65.035" classname="Master"/>
  <testcase name="main" time="0.000" classname="Master"/>
  <testcase name="main" time="0.001" classname="Master"/>
  <testcase name="main" time="0.001" classname="Master"/>
  <testcase name="main" time="1.164" classname="Master"/>
  <testcase name="main" time="0.000" classname="Master"/>
  <testcase name="main" time="0.000" classname="Master"/>
  <testcase name="main" time="0.000" classname="Master"/>
  <testcase name="main" time="0.000" classname="Master"/>
  <testcase name="main" time="0.000" classname="Master"/>
  <testcase name="main" time="0.001" classname="Master"/>
  <testcase name="main" time="0.000" classname="Master"/>
  <testcase name="main" time="0.001" classname="Master"/>
</testsuite> <!-- Master -->
