<?xml version="1.0" encoding="UTF-8"?>
<!-- Generated by org.testng.reporters.JUnitReportReporter -->
<testsuite skipped="0" hostname="POA-5CD8023MY5" name="Master" tests="67" failures="0" timestamp="23 May 2018 23:22:29 GMT" time="97.466" errors="0">
  <testcase name="main" time="0.184" classname="Master"/>
  <testcase name="main" time="1.698" classname="Master"/>
  <testcase name="main" time="2.966" classname="Master"/>
  <testcase name="main" time="0.708" classname="Master"/>
  <testcase name="main" time="1.714" classname="Master"/>
  <testcase name="main" time="0.042" classname="Master"/>
  <testcase name="main" time="0.177" classname="Master"/>
  <testcase name="main" time="1.786" classname="Master"/>
  <testcase name="main" time="0.264" classname="Master"/>
  <testcase name="main" time="0.666" classname="Master"/>
  <testcase name="main" time="0.181" classname="Master"/>
  <testcase name="main" time="2.300" classname="Master"/>
  <testcase name="main" time="0.042" classname="Master"/>
  <testcase name="main" time="0.102" classname="Master"/>
  <testcase name="main" time="0.201" classname="Master"/>
  <testcase name="main" time="0.626" classname="Master"/>
  <testcase name="main" time="1.132" classname="Master"/>
  <testcase name="main" time="0.117" classname="Master"/>
  <testcase name="main" time="0.089" classname="Master"/>
  <testcase name="main" time="0.095" classname="Master"/>
  <testcase name="main" time="2.271" classname="Master"/>
  <testcase name="main" time="1.568" classname="Master"/>
  <testcase name="main" time="1.209" classname="Master"/>
  <testcase name="main" time="11.605" classname="Master"/>
  <testcase name="main" time="0.661" classname="Master"/>
  <testcase name="main" time="0.099" classname="Master"/>
  <testcase name="main" time="0.166" classname="Master"/>
  <testcase name="main" time="1.669" classname="Master"/>
  <testcase name="main" time="2.271" classname="Master"/>
  <testcase name="main" time="6.186" classname="Master"/>
  <testcase name="main" time="0.198" classname="Master"/>
  <testcase name="main" time="0.161" classname="Master"/>
  <testcase name="main" time="3.330" classname="Master"/>
  <testcase name="main" time="0.238" classname="Master"/>
  <testcase name="main" time="0.197" classname="Master"/>
  <testcase name="main" time="0.199" classname="Master"/>
  <testcase name="main" time="0.156" classname="Master"/>
  <testcase name="main" time="4.170" classname="Master"/>
  <testcase name="main" time="0.672" classname="Master"/>
  <testcase name="main" time="2.395" classname="Master"/>
  <testcase name="main" time="6.157" classname="Master"/>
  <testcase name="main" time="0.132" classname="Master"/>
  <testcase name="main" time="0.174" classname="Master"/>
  <testcase name="main" time="2.020" classname="Master"/>
  <testcase name="main" time="0.087" classname="Master"/>
  <testcase name="main" time="0.096" classname="Master"/>
  <testcase name="main" time="2.351" classname="Master"/>
  <testcase name="main" time="0.181" classname="Master"/>
  <testcase name="main" time="0.687" classname="Master"/>
  <testcase name="main" time="2.300" classname="Master"/>
  <testcase name="main" time="1.160" classname="Master"/>
  <testcase name="main" time="2.989" classname="Master"/>
  <testcase name="main" time="0.428" classname="Master"/>
  <testcase name="main" time="0.659" classname="Master"/>
  <testcase name="main" time="0.190" classname="Master"/>
  <testcase name="main" time="0.105" classname="Master"/>
  <testcase name="main" time="1.671" classname="Master"/>
  <testcase name="main" time="2.425" classname="Master"/>
  <testcase name="main" time="2.269" classname="Master"/>
  <testcase name="main" time="0.375" classname="Master"/>
  <testcase name="main" time="0.153" classname="Master"/>
  <testcase name="main" time="3.222" classname="Master"/>
  <testcase name="main" time="6.881" classname="Master"/>
  <testcase name="main" time="0.093" classname="Master"/>
  <testcase name="main" time="2.331" classname="Master"/>
  <testcase name="main" time="3.632" classname="Master"/>
  <testcase name="main" time="0.187" classname="Master"/>
</testsuite> <!-- Master -->
