<?xml version="1.0" encoding="UTF-8"?>
<!-- Generated by org.testng.reporters.JUnitReportReporter -->
<testsuite skipped="0" hostname="POA-5CD8023MY5" name="Master" tests="118" failures="0" timestamp="14 Jun 2018 00:38:34 GMT" time="89.654" errors="0">
  <testcase name="main" time="0.000" classname="Master"/>
  <testcase name="main" time="0.001" classname="Master"/>
  <testcase name="main" time="0.001" classname="Master"/>
  <testcase name="main" time="0.000" classname="Master"/>
  <testcase name="main" time="0.002" classname="Master"/>
  <testcase name="main" time="0.000" classname="Master"/>
  <testcase name="main" time="0.000" classname="Master"/>
  <testcase name="main" time="0.000" classname="Master"/>
  <testcase name="main" time="0.000" classname="Master"/>
  <testcase name="main" time="0.000" classname="Master"/>
  <testcase name="main" time="0.000" classname="Master"/>
  <testcase name="main" time="0.000" classname="Master"/>
  <testcase name="main" time="0.000" classname="Master"/>
  <testcase name="main" time="0.001" classname="Master"/>
  <testcase name="main" time="0.000" classname="Master"/>
  <testcase name="main" time="0.000" classname="Master"/>
  <testcase name="main" time="0.000" classname="Master"/>
  <testcase name="main" time="0.000" classname="Master"/>
  <testcase name="main" time="0.000" classname="Master"/>
  <testcase name="main" time="0.000" classname="Master"/>
  <testcase name="main" time="0.000" classname="Master"/>
  <testcase name="main" time="0.000" classname="Master"/>
  <testcase name="main" time="0.001" classname="Master"/>
  <testcase name="main" time="0.000" classname="Master"/>
  <testcase name="main" time="0.000" classname="Master"/>
  <testcase name="main" time="0.000" classname="Master"/>
  <testcase name="main" time="0.000" classname="Master"/>
  <testcase name="main" time="0.000" classname="Master"/>
  <testcase name="main" time="0.000" classname="Master"/>
  <testcase name="main" time="0.001" classname="Master"/>
  <testcase name="main" time="0.000" classname="Master"/>
  <testcase name="main" time="0.000" classname="Master"/>
  <testcase name="main" time="0.000" classname="Master"/>
  <testcase name="main" time="0.000" classname="Master"/>
  <testcase name="main" time="0.000" classname="Master"/>
  <testcase name="main" time="0.000" classname="Master"/>
  <testcase name="main" time="0.000" classname="Master"/>
  <testcase name="main" time="0.045" classname="Master"/>
  <testcase name="main" time="0.001" classname="Master"/>
  <testcase name="main" time="15.362" classname="Master"/>
  <testcase name="main" time="15.281" classname="Master"/>
  <testcase name="main" time="0.000" classname="Master"/>
  <testcase name="main" time="0.000" classname="Master"/>
  <testcase name="main" time="0.000" classname="Master"/>
  <testcase name="main" time="0.000" classname="Master"/>
  <testcase name="main" time="0.000" classname="Master"/>
  <testcase name="main" time="0.001" classname="Master"/>
  <testcase name="main" time="0.000" classname="Master"/>
  <testcase name="main" time="0.001" classname="Master"/>
  <testcase name="main" time="0.000" classname="Master"/>
  <testcase name="main" time="0.002" classname="Master"/>
  <testcase name="main" time="0.001" classname="Master"/>
  <testcase name="main" time="0.000" classname="Master"/>
  <testcase name="main" time="0.001" classname="Master"/>
  <testcase name="main" time="0.000" classname="Master"/>
  <testcase name="main" time="41.023" classname="Master"/>
  <testcase name="main" time="0.000" classname="Master"/>
  <testcase name="main" time="0.001" classname="Master"/>
  <testcase name="main" time="0.000" classname="Master"/>
  <testcase name="main" time="0.000" classname="Master"/>
  <testcase name="main" time="0.000" classname="Master"/>
  <testcase name="main" time="0.000" classname="Master"/>
  <testcase name="main" time="0.000" classname="Master"/>
  <testcase name="main" time="0.359" classname="Master"/>
  <testcase name="main" time="0.000" classname="Master"/>
  <testcase name="main" time="0.000" classname="Master"/>
  <testcase name="main" time="0.000" classname="Master"/>
  <testcase name="main" time="0.000" classname="Master"/>
  <testcase name="main" time="0.000" classname="Master"/>
  <testcase name="main" time="0.000" classname="Master"/>
  <testcase name="main" time="0.000" classname="Master"/>
  <testcase name="main" time="0.000" classname="Master"/>
  <testcase name="main" time="0.000" classname="Master"/>
  <testcase name="main" time="0.000" classname="Master"/>
  <testcase name="main" time="0.000" classname="Master"/>
  <testcase name="main" time="0.000" classname="Master"/>
  <testcase name="main" time="0.000" classname="Master"/>
  <testcase name="main" time="0.783" classname="Master"/>
  <testcase name="main" time="15.415" classname="Master"/>
  <testcase name="main" time="0.001" classname="Master"/>
  <testcase name="main" time="0.000" classname="Master"/>
  <testcase name="main" time="0.001" classname="Master"/>
  <testcase name="main" time="0.766" classname="Master"/>
  <testcase name="main" time="0.367" classname="Master"/>
  <testcase name="main" time="0.001" classname="Master"/>
  <testcase name="main" time="0.000" classname="Master"/>
  <testcase name="main" time="0.000" classname="Master"/>
  <testcase name="main" time="0.000" classname="Master"/>
  <testcase name="main" time="0.001" classname="Master"/>
  <testcase name="main" time="0.000" classname="Master"/>
  <testcase name="main" time="0.000" classname="Master"/>
  <testcase name="main" time="0.000" classname="Master"/>
  <testcase name="main" time="0.000" classname="Master"/>
  <testcase name="main" time="0.000" classname="Master"/>
  <testcase name="main" time="0.000" classname="Master"/>
  <testcase name="main" time="0.000" classname="Master"/>
  <testcase name="main" time="0.000" classname="Master"/>
  <testcase name="main" time="0.000" classname="Master"/>
  <testcase name="main" time="0.000" classname="Master"/>
  <testcase name="main" time="0.002" classname="Master"/>
  <testcase name="main" time="0.000" classname="Master"/>
  <testcase name="main" time="0.000" classname="Master"/>
  <testcase name="main" time="0.001" classname="Master"/>
  <testcase name="main" time="0.001" classname="Master"/>
  <testcase name="main" time="0.000" classname="Master"/>
  <testcase name="main" time="0.000" classname="Master"/>
  <testcase name="main" time="0.000" classname="Master"/>
  <testcase name="main" time="0.002" classname="Master"/>
  <testcase name="main" time="0.000" classname="Master"/>
  <testcase name="main" time="0.002" classname="Master"/>
  <testcase name="main" time="0.224" classname="Master"/>
  <testcase name="main" time="0.000" classname="Master"/>
  <testcase name="main" time="0.000" classname="Master"/>
  <testcase name="main" time="0.000" classname="Master"/>
  <testcase name="main" time="0.000" classname="Master"/>
  <testcase name="main" time="0.001" classname="Master"/>
  <testcase name="main" time="0.001" classname="Master"/>
  <testcase name="main" time="0.000" classname="Master"/>
</testsuite> <!-- Master -->
